E:\BOHGE_ENGINE_NEW_ARCHITECTURE\BOHGE_EXTERNAL\LIBVORBIS-1.3.3\WIN32\VS2010\LIBVORBIS\WIN32\DEBUG\ANALYSIS.OBJ
E:\BOHGE_ENGINE_NEW_ARCHITECTURE\BOHGE_EXTERNAL\LIBVORBIS-1.3.3\WIN32\VS2010\LIBVORBIS\WIN32\DEBUG\BITRATE.OBJ
E:\BOHGE_ENGINE_NEW_ARCHITECTURE\BOHGE_EXTERNAL\LIBVORBIS-1.3.3\WIN32\VS2010\LIBVORBIS\WIN32\DEBUG\BLOCK.OBJ
E:\Bohge_Engine_New_Architecture\Bohge_External\libvorbis-1.3.3\win32\VS2010\libvorbis\Win32\Debug\cl.command.1.tlog
E:\Bohge_Engine_New_Architecture\Bohge_External\libvorbis-1.3.3\win32\VS2010\libvorbis\Win32\Debug\CL.read.1.tlog
E:\Bohge_Engine_New_Architecture\Bohge_External\libvorbis-1.3.3\win32\VS2010\libvorbis\Win32\Debug\CL.write.1.tlog
E:\BOHGE_ENGINE_NEW_ARCHITECTURE\BOHGE_EXTERNAL\LIBVORBIS-1.3.3\WIN32\VS2010\LIBVORBIS\WIN32\DEBUG\CODEBOOK.OBJ
E:\BOHGE_ENGINE_NEW_ARCHITECTURE\BOHGE_EXTERNAL\LIBVORBIS-1.3.3\WIN32\VS2010\LIBVORBIS\WIN32\DEBUG\ENVELOPE.OBJ
E:\BOHGE_ENGINE_NEW_ARCHITECTURE\BOHGE_EXTERNAL\LIBVORBIS-1.3.3\WIN32\VS2010\LIBVORBIS\WIN32\DEBUG\FLOOR0.OBJ
E:\BOHGE_ENGINE_NEW_ARCHITECTURE\BOHGE_EXTERNAL\LIBVORBIS-1.3.3\WIN32\VS2010\LIBVORBIS\WIN32\DEBUG\FLOOR1.OBJ
E:\BOHGE_ENGINE_NEW_ARCHITECTURE\BOHGE_EXTERNAL\LIBVORBIS-1.3.3\WIN32\VS2010\LIBVORBIS\WIN32\DEBUG\INFO.OBJ
E:\Bohge_Engine_New_Architecture\Bohge_External\libvorbis-1.3.3\win32\VS2010\libvorbis\Win32\Debug\lib.command.1.tlog
E:\Bohge_Engine_New_Architecture\Bohge_External\libvorbis-1.3.3\win32\VS2010\libvorbis\Win32\Debug\Lib-link.read.1.tlog
E:\Bohge_Engine_New_Architecture\Bohge_External\libvorbis-1.3.3\win32\VS2010\libvorbis\Win32\Debug\Lib-link.write.1.tlog
E:\Bohge_Engine_New_Architecture\Bohge_External\libvorbis-1.3.3\win32\VS2010\libvorbis\Win32\Debug\libvorbis_static.write.1.tlog
E:\BOHGE_ENGINE_NEW_ARCHITECTURE\BOHGE_EXTERNAL\LIBVORBIS-1.3.3\WIN32\VS2010\LIBVORBIS\WIN32\DEBUG\LOOKUP.OBJ
E:\BOHGE_ENGINE_NEW_ARCHITECTURE\BOHGE_EXTERNAL\LIBVORBIS-1.3.3\WIN32\VS2010\LIBVORBIS\WIN32\DEBUG\LPC.OBJ
E:\BOHGE_ENGINE_NEW_ARCHITECTURE\BOHGE_EXTERNAL\LIBVORBIS-1.3.3\WIN32\VS2010\LIBVORBIS\WIN32\DEBUG\LSP.OBJ
E:\BOHGE_ENGINE_NEW_ARCHITECTURE\BOHGE_EXTERNAL\LIBVORBIS-1.3.3\WIN32\VS2010\LIBVORBIS\WIN32\DEBUG\MAPPING0.OBJ
E:\BOHGE_ENGINE_NEW_ARCHITECTURE\BOHGE_EXTERNAL\LIBVORBIS-1.3.3\WIN32\VS2010\LIBVORBIS\WIN32\DEBUG\MDCT.OBJ
E:\BOHGE_ENGINE_NEW_ARCHITECTURE\BOHGE_EXTERNAL\LIBVORBIS-1.3.3\WIN32\VS2010\LIBVORBIS\WIN32\DEBUG\PSY.OBJ
E:\BOHGE_ENGINE_NEW_ARCHITECTURE\BOHGE_EXTERNAL\LIBVORBIS-1.3.3\WIN32\VS2010\LIBVORBIS\WIN32\DEBUG\REGISTRY.OBJ
E:\BOHGE_ENGINE_NEW_ARCHITECTURE\BOHGE_EXTERNAL\LIBVORBIS-1.3.3\WIN32\VS2010\LIBVORBIS\WIN32\DEBUG\RES0.OBJ
E:\BOHGE_ENGINE_NEW_ARCHITECTURE\BOHGE_EXTERNAL\LIBVORBIS-1.3.3\WIN32\VS2010\LIBVORBIS\WIN32\DEBUG\SHAREDBOOK.OBJ
E:\BOHGE_ENGINE_NEW_ARCHITECTURE\BOHGE_EXTERNAL\LIBVORBIS-1.3.3\WIN32\VS2010\LIBVORBIS\WIN32\DEBUG\SMALLFT.OBJ
E:\BOHGE_ENGINE_NEW_ARCHITECTURE\BOHGE_EXTERNAL\LIBVORBIS-1.3.3\WIN32\VS2010\LIBVORBIS\WIN32\DEBUG\SYNTHESIS.OBJ
E:\Bohge_Engine_New_Architecture\Bohge_External\libvorbis-1.3.3\win32\VS2010\libvorbis\Win32\Debug\vc100.idb
E:\BOHGE_ENGINE_NEW_ARCHITECTURE\BOHGE_EXTERNAL\LIBVORBIS-1.3.3\WIN32\VS2010\LIBVORBIS\WIN32\DEBUG\VC100.PDB
E:\BOHGE_ENGINE_NEW_ARCHITECTURE\BOHGE_EXTERNAL\LIBVORBIS-1.3.3\WIN32\VS2010\LIBVORBIS\WIN32\DEBUG\VORBISENC.OBJ
E:\BOHGE_ENGINE_NEW_ARCHITECTURE\BOHGE_EXTERNAL\LIBVORBIS-1.3.3\WIN32\VS2010\LIBVORBIS\WIN32\DEBUG\WINDOW.OBJ
E:\BOHGE_ENGINE_NEW_ARCHITECTURE\BOHGE_PROJECT\WINDOWS\WIN32\DEBUG\LIBVORBIS_STATIC.LIB
