E:\Bohge_Engine_svn\Librarys\Bohge\External\freetype\builds\win32\vc2008\Debug\cl.command.1.tlog
E:\Bohge_Engine_svn\Librarys\Bohge\External\freetype\builds\win32\vc2008\Debug\CL.read.1.tlog
E:\Bohge_Engine_svn\Librarys\Bohge\External\freetype\builds\win32\vc2008\Debug\CL.write.1.tlog
E:\Bohge_Engine_svn\Librarys\Bohge\External\freetype\builds\win32\vc2008\Debug\lib.command.1.tlog
E:\Bohge_Engine_svn\Librarys\Bohge\External\freetype\builds\win32\vc2008\Debug\Lib-link.read.1.tlog
E:\Bohge_Engine_svn\Librarys\Bohge\External\freetype\builds\win32\vc2008\Debug\Lib-link.write.1.tlog
E:\BOHGE_ENGINE_SVN\LIBRARYS\BOHGE\EXTERNAL\FREETYPE\OBJS\DEBUG\AUTOFIT.OBJ
E:\BOHGE_ENGINE_SVN\LIBRARYS\BOHGE\EXTERNAL\FREETYPE\OBJS\DEBUG\BDF.OBJ
E:\BOHGE_ENGINE_SVN\LIBRARYS\BOHGE\EXTERNAL\FREETYPE\OBJS\DEBUG\CFF.OBJ
E:\BOHGE_ENGINE_SVN\LIBRARYS\BOHGE\EXTERNAL\FREETYPE\OBJS\DEBUG\FTBASE.OBJ
E:\BOHGE_ENGINE_SVN\LIBRARYS\BOHGE\EXTERNAL\FREETYPE\OBJS\DEBUG\FTBBOX.OBJ
E:\BOHGE_ENGINE_SVN\LIBRARYS\BOHGE\EXTERNAL\FREETYPE\OBJS\DEBUG\FTBITMAP.OBJ
E:\BOHGE_ENGINE_SVN\LIBRARYS\BOHGE\EXTERNAL\FREETYPE\OBJS\DEBUG\FTCACHE.OBJ
E:\BOHGE_ENGINE_SVN\LIBRARYS\BOHGE\EXTERNAL\FREETYPE\OBJS\DEBUG\FTDEBUG.OBJ
E:\BOHGE_ENGINE_SVN\LIBRARYS\BOHGE\EXTERNAL\FREETYPE\OBJS\DEBUG\FTFSTYPE.OBJ
E:\BOHGE_ENGINE_SVN\LIBRARYS\BOHGE\EXTERNAL\FREETYPE\OBJS\DEBUG\FTGASP.OBJ
E:\BOHGE_ENGINE_SVN\LIBRARYS\BOHGE\EXTERNAL\FREETYPE\OBJS\DEBUG\FTGLYPH.OBJ
E:\BOHGE_ENGINE_SVN\LIBRARYS\BOHGE\EXTERNAL\FREETYPE\OBJS\DEBUG\FTGXVAL.OBJ
E:\BOHGE_ENGINE_SVN\LIBRARYS\BOHGE\EXTERNAL\FREETYPE\OBJS\DEBUG\FTGZIP.OBJ
E:\BOHGE_ENGINE_SVN\LIBRARYS\BOHGE\EXTERNAL\FREETYPE\OBJS\DEBUG\FTINIT.OBJ
E:\BOHGE_ENGINE_SVN\LIBRARYS\BOHGE\EXTERNAL\FREETYPE\OBJS\DEBUG\FTLCDFIL.OBJ
E:\BOHGE_ENGINE_SVN\LIBRARYS\BOHGE\EXTERNAL\FREETYPE\OBJS\DEBUG\FTLZW.OBJ
E:\BOHGE_ENGINE_SVN\LIBRARYS\BOHGE\EXTERNAL\FREETYPE\OBJS\DEBUG\FTMM.OBJ
E:\BOHGE_ENGINE_SVN\LIBRARYS\BOHGE\EXTERNAL\FREETYPE\OBJS\DEBUG\FTOTVAL.OBJ
E:\BOHGE_ENGINE_SVN\LIBRARYS\BOHGE\EXTERNAL\FREETYPE\OBJS\DEBUG\FTPATENT.OBJ
E:\BOHGE_ENGINE_SVN\LIBRARYS\BOHGE\EXTERNAL\FREETYPE\OBJS\DEBUG\FTPFR.OBJ
E:\BOHGE_ENGINE_SVN\LIBRARYS\BOHGE\EXTERNAL\FREETYPE\OBJS\DEBUG\FTSTROKE.OBJ
E:\BOHGE_ENGINE_SVN\LIBRARYS\BOHGE\EXTERNAL\FREETYPE\OBJS\DEBUG\FTSYNTH.OBJ
E:\BOHGE_ENGINE_SVN\LIBRARYS\BOHGE\EXTERNAL\FREETYPE\OBJS\DEBUG\FTSYSTEM.OBJ
E:\BOHGE_ENGINE_SVN\LIBRARYS\BOHGE\EXTERNAL\FREETYPE\OBJS\DEBUG\FTTYPE1.OBJ
E:\BOHGE_ENGINE_SVN\LIBRARYS\BOHGE\EXTERNAL\FREETYPE\OBJS\DEBUG\FTWINFNT.OBJ
E:\BOHGE_ENGINE_SVN\LIBRARYS\BOHGE\EXTERNAL\FREETYPE\OBJS\DEBUG\FTXF86.OBJ
E:\BOHGE_ENGINE_SVN\LIBRARYS\BOHGE\EXTERNAL\FREETYPE\OBJS\DEBUG\PCF.OBJ
E:\BOHGE_ENGINE_SVN\LIBRARYS\BOHGE\EXTERNAL\FREETYPE\OBJS\DEBUG\PFR.OBJ
E:\BOHGE_ENGINE_SVN\LIBRARYS\BOHGE\EXTERNAL\FREETYPE\OBJS\DEBUG\PSAUX.OBJ
E:\BOHGE_ENGINE_SVN\LIBRARYS\BOHGE\EXTERNAL\FREETYPE\OBJS\DEBUG\PSHINTER.OBJ
E:\BOHGE_ENGINE_SVN\LIBRARYS\BOHGE\EXTERNAL\FREETYPE\OBJS\DEBUG\PSMODULE.OBJ
E:\BOHGE_ENGINE_SVN\LIBRARYS\BOHGE\EXTERNAL\FREETYPE\OBJS\DEBUG\RASTER.OBJ
E:\BOHGE_ENGINE_SVN\LIBRARYS\BOHGE\EXTERNAL\FREETYPE\OBJS\DEBUG\SFNT.OBJ
E:\BOHGE_ENGINE_SVN\LIBRARYS\BOHGE\EXTERNAL\FREETYPE\OBJS\DEBUG\SMOOTH.OBJ
E:\BOHGE_ENGINE_SVN\LIBRARYS\BOHGE\EXTERNAL\FREETYPE\OBJS\DEBUG\TRUETYPE.OBJ
E:\BOHGE_ENGINE_SVN\LIBRARYS\BOHGE\EXTERNAL\FREETYPE\OBJS\DEBUG\TYPE1.OBJ
E:\BOHGE_ENGINE_SVN\LIBRARYS\BOHGE\EXTERNAL\FREETYPE\OBJS\DEBUG\TYPE1CID.OBJ
E:\BOHGE_ENGINE_SVN\LIBRARYS\BOHGE\EXTERNAL\FREETYPE\OBJS\DEBUG\TYPE42.OBJ
E:\BOHGE_ENGINE_SVN\LIBRARYS\BOHGE\EXTERNAL\FREETYPE\OBJS\DEBUG\VC100.PDB
E:\BOHGE_ENGINE_SVN\LIBRARYS\BOHGE\EXTERNAL\FREETYPE\OBJS\DEBUG\WINFNT.OBJ
E:\BOHGE_ENGINE_SVN\LIBRARYS\BOHGE\EXTERNAL\FREETYPE\OBJS\WIN32\VC2008\FREETYPE249_D.LIB
