E:\BOHGE_ENGINE_NEW_ARCHITECTURE\BOHGE_EXTERNAL\BULLET\LIB\DEBUG\BULLETCOLLISION_DEBUG.LIB
E:\BOHGE_ENGINE_NEW_ARCHITECTURE\BOHGE_EXTERNAL\BULLET\SRC\BULLETCOLLISION\DEBUG\BTACTIVATINGCOLLISIONALGORITHM.OBJ
E:\BOHGE_ENGINE_NEW_ARCHITECTURE\BOHGE_EXTERNAL\BULLET\SRC\BULLETCOLLISION\DEBUG\BTAXISSWEEP3.OBJ
E:\BOHGE_ENGINE_NEW_ARCHITECTURE\BOHGE_EXTERNAL\BULLET\SRC\BULLETCOLLISION\DEBUG\BTBOX2DBOX2DCOLLISIONALGORITHM.OBJ
E:\BOHGE_ENGINE_NEW_ARCHITECTURE\BOHGE_EXTERNAL\BULLET\SRC\BULLETCOLLISION\DEBUG\BTBOX2DSHAPE.OBJ
E:\BOHGE_ENGINE_NEW_ARCHITECTURE\BOHGE_EXTERNAL\BULLET\SRC\BULLETCOLLISION\DEBUG\BTBOXBOXCOLLISIONALGORITHM.OBJ
E:\BOHGE_ENGINE_NEW_ARCHITECTURE\BOHGE_EXTERNAL\BULLET\SRC\BULLETCOLLISION\DEBUG\BTBOXBOXDETECTOR.OBJ
E:\BOHGE_ENGINE_NEW_ARCHITECTURE\BOHGE_EXTERNAL\BULLET\SRC\BULLETCOLLISION\DEBUG\BTBOXSHAPE.OBJ
E:\BOHGE_ENGINE_NEW_ARCHITECTURE\BOHGE_EXTERNAL\BULLET\SRC\BULLETCOLLISION\DEBUG\BTBROADPHASEPROXY.OBJ
E:\BOHGE_ENGINE_NEW_ARCHITECTURE\BOHGE_EXTERNAL\BULLET\SRC\BULLETCOLLISION\DEBUG\BTBVHTRIANGLEMESHSHAPE.OBJ
E:\BOHGE_ENGINE_NEW_ARCHITECTURE\BOHGE_EXTERNAL\BULLET\SRC\BULLETCOLLISION\DEBUG\BTCAPSULESHAPE.OBJ
E:\BOHGE_ENGINE_NEW_ARCHITECTURE\BOHGE_EXTERNAL\BULLET\SRC\BULLETCOLLISION\DEBUG\BTCOLLISIONALGORITHM.OBJ
E:\BOHGE_ENGINE_NEW_ARCHITECTURE\BOHGE_EXTERNAL\BULLET\SRC\BULLETCOLLISION\DEBUG\BTCOLLISIONDISPATCHER.OBJ
E:\BOHGE_ENGINE_NEW_ARCHITECTURE\BOHGE_EXTERNAL\BULLET\SRC\BULLETCOLLISION\DEBUG\BTCOLLISIONOBJECT.OBJ
E:\BOHGE_ENGINE_NEW_ARCHITECTURE\BOHGE_EXTERNAL\BULLET\SRC\BULLETCOLLISION\DEBUG\BTCOLLISIONSHAPE.OBJ
E:\BOHGE_ENGINE_NEW_ARCHITECTURE\BOHGE_EXTERNAL\BULLET\SRC\BULLETCOLLISION\DEBUG\BTCOLLISIONWORLD.OBJ
E:\BOHGE_ENGINE_NEW_ARCHITECTURE\BOHGE_EXTERNAL\BULLET\SRC\BULLETCOLLISION\DEBUG\BTCOMPOUNDCOLLISIONALGORITHM.OBJ
E:\BOHGE_ENGINE_NEW_ARCHITECTURE\BOHGE_EXTERNAL\BULLET\SRC\BULLETCOLLISION\DEBUG\BTCOMPOUNDSHAPE.OBJ
E:\BOHGE_ENGINE_NEW_ARCHITECTURE\BOHGE_EXTERNAL\BULLET\SRC\BULLETCOLLISION\DEBUG\BTCONCAVESHAPE.OBJ
E:\BOHGE_ENGINE_NEW_ARCHITECTURE\BOHGE_EXTERNAL\BULLET\SRC\BULLETCOLLISION\DEBUG\BTCONESHAPE.OBJ
E:\BOHGE_ENGINE_NEW_ARCHITECTURE\BOHGE_EXTERNAL\BULLET\SRC\BULLETCOLLISION\DEBUG\BTCONTACTPROCESSING.OBJ
E:\BOHGE_ENGINE_NEW_ARCHITECTURE\BOHGE_EXTERNAL\BULLET\SRC\BULLETCOLLISION\DEBUG\BTCONTINUOUSCONVEXCOLLISION.OBJ
E:\BOHGE_ENGINE_NEW_ARCHITECTURE\BOHGE_EXTERNAL\BULLET\SRC\BULLETCOLLISION\DEBUG\BTCONVEX2DCONVEX2DALGORITHM.OBJ
E:\BOHGE_ENGINE_NEW_ARCHITECTURE\BOHGE_EXTERNAL\BULLET\SRC\BULLETCOLLISION\DEBUG\BTCONVEX2DSHAPE.OBJ
E:\BOHGE_ENGINE_NEW_ARCHITECTURE\BOHGE_EXTERNAL\BULLET\SRC\BULLETCOLLISION\DEBUG\BTCONVEXCAST.OBJ
E:\BOHGE_ENGINE_NEW_ARCHITECTURE\BOHGE_EXTERNAL\BULLET\SRC\BULLETCOLLISION\DEBUG\BTCONVEXCONCAVECOLLISIONALGORITHM.OBJ
E:\BOHGE_ENGINE_NEW_ARCHITECTURE\BOHGE_EXTERNAL\BULLET\SRC\BULLETCOLLISION\DEBUG\BTCONVEXCONVEXALGORITHM.OBJ
E:\BOHGE_ENGINE_NEW_ARCHITECTURE\BOHGE_EXTERNAL\BULLET\SRC\BULLETCOLLISION\DEBUG\BTCONVEXHULLSHAPE.OBJ
E:\BOHGE_ENGINE_NEW_ARCHITECTURE\BOHGE_EXTERNAL\BULLET\SRC\BULLETCOLLISION\DEBUG\BTCONVEXINTERNALSHAPE.OBJ
E:\BOHGE_ENGINE_NEW_ARCHITECTURE\BOHGE_EXTERNAL\BULLET\SRC\BULLETCOLLISION\DEBUG\BTCONVEXPLANECOLLISIONALGORITHM.OBJ
E:\BOHGE_ENGINE_NEW_ARCHITECTURE\BOHGE_EXTERNAL\BULLET\SRC\BULLETCOLLISION\DEBUG\BTCONVEXPOINTCLOUDSHAPE.OBJ
E:\BOHGE_ENGINE_NEW_ARCHITECTURE\BOHGE_EXTERNAL\BULLET\SRC\BULLETCOLLISION\DEBUG\BTCONVEXPOLYHEDRON.OBJ
E:\BOHGE_ENGINE_NEW_ARCHITECTURE\BOHGE_EXTERNAL\BULLET\SRC\BULLETCOLLISION\DEBUG\BTCONVEXSHAPE.OBJ
E:\BOHGE_ENGINE_NEW_ARCHITECTURE\BOHGE_EXTERNAL\BULLET\SRC\BULLETCOLLISION\DEBUG\BTCONVEXTRIANGLEMESHSHAPE.OBJ
E:\BOHGE_ENGINE_NEW_ARCHITECTURE\BOHGE_EXTERNAL\BULLET\SRC\BULLETCOLLISION\DEBUG\BTCYLINDERSHAPE.OBJ
E:\BOHGE_ENGINE_NEW_ARCHITECTURE\BOHGE_EXTERNAL\BULLET\SRC\BULLETCOLLISION\DEBUG\BTDBVT.OBJ
E:\BOHGE_ENGINE_NEW_ARCHITECTURE\BOHGE_EXTERNAL\BULLET\SRC\BULLETCOLLISION\DEBUG\BTDBVTBROADPHASE.OBJ
E:\BOHGE_ENGINE_NEW_ARCHITECTURE\BOHGE_EXTERNAL\BULLET\SRC\BULLETCOLLISION\DEBUG\BTDEFAULTCOLLISIONCONFIGURATION.OBJ
E:\BOHGE_ENGINE_NEW_ARCHITECTURE\BOHGE_EXTERNAL\BULLET\SRC\BULLETCOLLISION\DEBUG\BTDISPATCHER.OBJ
E:\BOHGE_ENGINE_NEW_ARCHITECTURE\BOHGE_EXTERNAL\BULLET\SRC\BULLETCOLLISION\DEBUG\BTEMPTYCOLLISIONALGORITHM.OBJ
E:\BOHGE_ENGINE_NEW_ARCHITECTURE\BOHGE_EXTERNAL\BULLET\SRC\BULLETCOLLISION\DEBUG\BTEMPTYSHAPE.OBJ
E:\BOHGE_ENGINE_NEW_ARCHITECTURE\BOHGE_EXTERNAL\BULLET\SRC\BULLETCOLLISION\DEBUG\BTGENERICPOOLALLOCATOR.OBJ
E:\BOHGE_ENGINE_NEW_ARCHITECTURE\BOHGE_EXTERNAL\BULLET\SRC\BULLETCOLLISION\DEBUG\BTGHOSTOBJECT.OBJ
E:\BOHGE_ENGINE_NEW_ARCHITECTURE\BOHGE_EXTERNAL\BULLET\SRC\BULLETCOLLISION\DEBUG\BTGIMPACTBVH.OBJ
E:\BOHGE_ENGINE_NEW_ARCHITECTURE\BOHGE_EXTERNAL\BULLET\SRC\BULLETCOLLISION\DEBUG\BTGIMPACTCOLLISIONALGORITHM.OBJ
E:\BOHGE_ENGINE_NEW_ARCHITECTURE\BOHGE_EXTERNAL\BULLET\SRC\BULLETCOLLISION\DEBUG\BTGIMPACTQUANTIZEDBVH.OBJ
E:\BOHGE_ENGINE_NEW_ARCHITECTURE\BOHGE_EXTERNAL\BULLET\SRC\BULLETCOLLISION\DEBUG\BTGIMPACTSHAPE.OBJ
E:\BOHGE_ENGINE_NEW_ARCHITECTURE\BOHGE_EXTERNAL\BULLET\SRC\BULLETCOLLISION\DEBUG\BTGJKCONVEXCAST.OBJ
E:\BOHGE_ENGINE_NEW_ARCHITECTURE\BOHGE_EXTERNAL\BULLET\SRC\BULLETCOLLISION\DEBUG\BTGJKEPA2.OBJ
E:\BOHGE_ENGINE_NEW_ARCHITECTURE\BOHGE_EXTERNAL\BULLET\SRC\BULLETCOLLISION\DEBUG\BTGJKEPAPENETRATIONDEPTHSOLVER.OBJ
E:\BOHGE_ENGINE_NEW_ARCHITECTURE\BOHGE_EXTERNAL\BULLET\SRC\BULLETCOLLISION\DEBUG\BTGJKPAIRDETECTOR.OBJ
E:\BOHGE_ENGINE_NEW_ARCHITECTURE\BOHGE_EXTERNAL\BULLET\SRC\BULLETCOLLISION\DEBUG\BTHEIGHTFIELDTERRAINSHAPE.OBJ
E:\BOHGE_ENGINE_NEW_ARCHITECTURE\BOHGE_EXTERNAL\BULLET\SRC\BULLETCOLLISION\DEBUG\BTINTERNALEDGEUTILITY.OBJ
E:\BOHGE_ENGINE_NEW_ARCHITECTURE\BOHGE_EXTERNAL\BULLET\SRC\BULLETCOLLISION\DEBUG\BTMANIFOLDRESULT.OBJ
E:\BOHGE_ENGINE_NEW_ARCHITECTURE\BOHGE_EXTERNAL\BULLET\SRC\BULLETCOLLISION\DEBUG\BTMINKOWSKIPENETRATIONDEPTHSOLVER.OBJ
E:\BOHGE_ENGINE_NEW_ARCHITECTURE\BOHGE_EXTERNAL\BULLET\SRC\BULLETCOLLISION\DEBUG\BTMINKOWSKISUMSHAPE.OBJ
E:\BOHGE_ENGINE_NEW_ARCHITECTURE\BOHGE_EXTERNAL\BULLET\SRC\BULLETCOLLISION\DEBUG\BTMULTIMATERIALTRIANGLEMESHSHAPE.OBJ
E:\BOHGE_ENGINE_NEW_ARCHITECTURE\BOHGE_EXTERNAL\BULLET\SRC\BULLETCOLLISION\DEBUG\BTMULTISAPBROADPHASE.OBJ
E:\BOHGE_ENGINE_NEW_ARCHITECTURE\BOHGE_EXTERNAL\BULLET\SRC\BULLETCOLLISION\DEBUG\BTMULTISPHERESHAPE.OBJ
E:\BOHGE_ENGINE_NEW_ARCHITECTURE\BOHGE_EXTERNAL\BULLET\SRC\BULLETCOLLISION\DEBUG\BTOPTIMIZEDBVH.OBJ
E:\BOHGE_ENGINE_NEW_ARCHITECTURE\BOHGE_EXTERNAL\BULLET\SRC\BULLETCOLLISION\DEBUG\BTOVERLAPPINGPAIRCACHE.OBJ
E:\BOHGE_ENGINE_NEW_ARCHITECTURE\BOHGE_EXTERNAL\BULLET\SRC\BULLETCOLLISION\DEBUG\BTPERSISTENTMANIFOLD.OBJ
E:\BOHGE_ENGINE_NEW_ARCHITECTURE\BOHGE_EXTERNAL\BULLET\SRC\BULLETCOLLISION\DEBUG\BTPOLYHEDRALCONTACTCLIPPING.OBJ
E:\BOHGE_ENGINE_NEW_ARCHITECTURE\BOHGE_EXTERNAL\BULLET\SRC\BULLETCOLLISION\DEBUG\BTPOLYHEDRALCONVEXSHAPE.OBJ
E:\BOHGE_ENGINE_NEW_ARCHITECTURE\BOHGE_EXTERNAL\BULLET\SRC\BULLETCOLLISION\DEBUG\BTQUANTIZEDBVH.OBJ
E:\BOHGE_ENGINE_NEW_ARCHITECTURE\BOHGE_EXTERNAL\BULLET\SRC\BULLETCOLLISION\DEBUG\BTRAYCASTCALLBACK.OBJ
E:\BOHGE_ENGINE_NEW_ARCHITECTURE\BOHGE_EXTERNAL\BULLET\SRC\BULLETCOLLISION\DEBUG\BTSCALEDBVHTRIANGLEMESHSHAPE.OBJ
E:\BOHGE_ENGINE_NEW_ARCHITECTURE\BOHGE_EXTERNAL\BULLET\SRC\BULLETCOLLISION\DEBUG\BTSHAPEHULL.OBJ
E:\BOHGE_ENGINE_NEW_ARCHITECTURE\BOHGE_EXTERNAL\BULLET\SRC\BULLETCOLLISION\DEBUG\BTSIMPLEBROADPHASE.OBJ
E:\BOHGE_ENGINE_NEW_ARCHITECTURE\BOHGE_EXTERNAL\BULLET\SRC\BULLETCOLLISION\DEBUG\BTSIMULATIONISLANDMANAGER.OBJ
E:\BOHGE_ENGINE_NEW_ARCHITECTURE\BOHGE_EXTERNAL\BULLET\SRC\BULLETCOLLISION\DEBUG\BTSPHEREBOXCOLLISIONALGORITHM.OBJ
E:\BOHGE_ENGINE_NEW_ARCHITECTURE\BOHGE_EXTERNAL\BULLET\SRC\BULLETCOLLISION\DEBUG\BTSPHERESHAPE.OBJ
E:\BOHGE_ENGINE_NEW_ARCHITECTURE\BOHGE_EXTERNAL\BULLET\SRC\BULLETCOLLISION\DEBUG\BTSPHERESPHERECOLLISIONALGORITHM.OBJ
E:\BOHGE_ENGINE_NEW_ARCHITECTURE\BOHGE_EXTERNAL\BULLET\SRC\BULLETCOLLISION\DEBUG\BTSPHERETRIANGLECOLLISIONALGORITHM.OBJ
E:\BOHGE_ENGINE_NEW_ARCHITECTURE\BOHGE_EXTERNAL\BULLET\SRC\BULLETCOLLISION\DEBUG\BTSTATICPLANESHAPE.OBJ
E:\BOHGE_ENGINE_NEW_ARCHITECTURE\BOHGE_EXTERNAL\BULLET\SRC\BULLETCOLLISION\DEBUG\BTSTRIDINGMESHINTERFACE.OBJ
E:\BOHGE_ENGINE_NEW_ARCHITECTURE\BOHGE_EXTERNAL\BULLET\SRC\BULLETCOLLISION\DEBUG\BTSUBSIMPLEXCONVEXCAST.OBJ
E:\BOHGE_ENGINE_NEW_ARCHITECTURE\BOHGE_EXTERNAL\BULLET\SRC\BULLETCOLLISION\DEBUG\BTTETRAHEDRONSHAPE.OBJ
E:\BOHGE_ENGINE_NEW_ARCHITECTURE\BOHGE_EXTERNAL\BULLET\SRC\BULLETCOLLISION\DEBUG\BTTRIANGLEBUFFER.OBJ
E:\BOHGE_ENGINE_NEW_ARCHITECTURE\BOHGE_EXTERNAL\BULLET\SRC\BULLETCOLLISION\DEBUG\BTTRIANGLECALLBACK.OBJ
E:\BOHGE_ENGINE_NEW_ARCHITECTURE\BOHGE_EXTERNAL\BULLET\SRC\BULLETCOLLISION\DEBUG\BTTRIANGLEINDEXVERTEXARRAY.OBJ
E:\BOHGE_ENGINE_NEW_ARCHITECTURE\BOHGE_EXTERNAL\BULLET\SRC\BULLETCOLLISION\DEBUG\BTTRIANGLEINDEXVERTEXMATERIALARRAY.OBJ
E:\BOHGE_ENGINE_NEW_ARCHITECTURE\BOHGE_EXTERNAL\BULLET\SRC\BULLETCOLLISION\DEBUG\BTTRIANGLEMESH.OBJ
E:\BOHGE_ENGINE_NEW_ARCHITECTURE\BOHGE_EXTERNAL\BULLET\SRC\BULLETCOLLISION\DEBUG\BTTRIANGLEMESHSHAPE.OBJ
E:\BOHGE_ENGINE_NEW_ARCHITECTURE\BOHGE_EXTERNAL\BULLET\SRC\BULLETCOLLISION\DEBUG\BTTRIANGLESHAPEEX.OBJ
E:\BOHGE_ENGINE_NEW_ARCHITECTURE\BOHGE_EXTERNAL\BULLET\SRC\BULLETCOLLISION\DEBUG\BTUNIFORMSCALINGSHAPE.OBJ
E:\BOHGE_ENGINE_NEW_ARCHITECTURE\BOHGE_EXTERNAL\BULLET\SRC\BULLETCOLLISION\DEBUG\BTUNIONFIND.OBJ
E:\BOHGE_ENGINE_NEW_ARCHITECTURE\BOHGE_EXTERNAL\BULLET\SRC\BULLETCOLLISION\DEBUG\BTVORONOISIMPLEXSOLVER.OBJ
E:\Bohge_Engine_New_Architecture\Bohge_External\bullet\src\BulletCollision\Debug\BulletCollision.write.1.tlog
E:\BOHGE_ENGINE_NEW_ARCHITECTURE\BOHGE_EXTERNAL\BULLET\SRC\BULLETCOLLISION\DEBUG\BULLETCOLLISION_DEBUG.PDB
E:\Bohge_Engine_New_Architecture\Bohge_External\bullet\src\BulletCollision\Debug\cl.command.1.tlog
E:\Bohge_Engine_New_Architecture\Bohge_External\bullet\src\BulletCollision\Debug\CL.read.1.tlog
E:\Bohge_Engine_New_Architecture\Bohge_External\bullet\src\BulletCollision\Debug\CL.write.1.tlog
E:\BOHGE_ENGINE_NEW_ARCHITECTURE\BOHGE_EXTERNAL\BULLET\SRC\BULLETCOLLISION\DEBUG\GIM_BOX_SET.OBJ
E:\BOHGE_ENGINE_NEW_ARCHITECTURE\BOHGE_EXTERNAL\BULLET\SRC\BULLETCOLLISION\DEBUG\GIM_CONTACT.OBJ
E:\BOHGE_ENGINE_NEW_ARCHITECTURE\BOHGE_EXTERNAL\BULLET\SRC\BULLETCOLLISION\DEBUG\GIM_MEMORY.OBJ
E:\BOHGE_ENGINE_NEW_ARCHITECTURE\BOHGE_EXTERNAL\BULLET\SRC\BULLETCOLLISION\DEBUG\GIM_TRI_COLLISION.OBJ
E:\Bohge_Engine_New_Architecture\Bohge_External\bullet\src\BulletCollision\Debug\lib.command.1.tlog
E:\Bohge_Engine_New_Architecture\Bohge_External\bullet\src\BulletCollision\Debug\Lib-link.read.1.tlog
E:\Bohge_Engine_New_Architecture\Bohge_External\bullet\src\BulletCollision\Debug\Lib-link.write.1.tlog
E:\BOHGE_ENGINE_NEW_ARCHITECTURE\BOHGE_EXTERNAL\BULLET\SRC\BULLETCOLLISION\DEBUG\SPHERETRIANGLEDETECTOR.OBJ
