E:\BOHGE_ENGINE_NEW_ARCHITECTURE\BOHGE_EXTERNAL\BULLET\EXTRAS\CONVEXDECOMPOSITION\DEBUG\BESTFIT.OBJ
E:\BOHGE_ENGINE_NEW_ARCHITECTURE\BOHGE_EXTERNAL\BULLET\EXTRAS\CONVEXDECOMPOSITION\DEBUG\BESTFITOBB.OBJ
E:\BOHGE_ENGINE_NEW_ARCHITECTURE\BOHGE_EXTERNAL\BULLET\EXTRAS\CONVEXDECOMPOSITION\DEBUG\CD_HULL.OBJ
E:\BOHGE_ENGINE_NEW_ARCHITECTURE\BOHGE_EXTERNAL\BULLET\EXTRAS\CONVEXDECOMPOSITION\DEBUG\CD_WAVEFRONT.OBJ
E:\Bohge_Engine_New_Architecture\Bohge_External\bullet\Extras\ConvexDecomposition\Debug\cl.command.1.tlog
E:\Bohge_Engine_New_Architecture\Bohge_External\bullet\Extras\ConvexDecomposition\Debug\CL.read.1.tlog
E:\Bohge_Engine_New_Architecture\Bohge_External\bullet\Extras\ConvexDecomposition\Debug\CL.write.1.tlog
E:\BOHGE_ENGINE_NEW_ARCHITECTURE\BOHGE_EXTERNAL\BULLET\EXTRAS\CONVEXDECOMPOSITION\DEBUG\CONCAVITY.OBJ
E:\BOHGE_ENGINE_NEW_ARCHITECTURE\BOHGE_EXTERNAL\BULLET\EXTRAS\CONVEXDECOMPOSITION\DEBUG\CONVEXBUILDER.OBJ
E:\BOHGE_ENGINE_NEW_ARCHITECTURE\BOHGE_EXTERNAL\BULLET\EXTRAS\CONVEXDECOMPOSITION\DEBUG\CONVEXDECOMPOSITION.OBJ
E:\Bohge_Engine_New_Architecture\Bohge_External\bullet\Extras\ConvexDecomposition\Debug\ConvexDecomposition.write.1.tlog
E:\BOHGE_ENGINE_NEW_ARCHITECTURE\BOHGE_EXTERNAL\BULLET\EXTRAS\CONVEXDECOMPOSITION\DEBUG\CONVEXDECOMPOSITION_DEBUG.PDB
E:\BOHGE_ENGINE_NEW_ARCHITECTURE\BOHGE_EXTERNAL\BULLET\EXTRAS\CONVEXDECOMPOSITION\DEBUG\FITSPHERE.OBJ
E:\BOHGE_ENGINE_NEW_ARCHITECTURE\BOHGE_EXTERNAL\BULLET\EXTRAS\CONVEXDECOMPOSITION\DEBUG\FLOAT_MATH.OBJ
E:\Bohge_Engine_New_Architecture\Bohge_External\bullet\Extras\ConvexDecomposition\Debug\lib.command.1.tlog
E:\Bohge_Engine_New_Architecture\Bohge_External\bullet\Extras\ConvexDecomposition\Debug\Lib-link.read.1.tlog
E:\Bohge_Engine_New_Architecture\Bohge_External\bullet\Extras\ConvexDecomposition\Debug\Lib-link.write.1.tlog
E:\BOHGE_ENGINE_NEW_ARCHITECTURE\BOHGE_EXTERNAL\BULLET\EXTRAS\CONVEXDECOMPOSITION\DEBUG\MESHVOLUME.OBJ
E:\BOHGE_ENGINE_NEW_ARCHITECTURE\BOHGE_EXTERNAL\BULLET\EXTRAS\CONVEXDECOMPOSITION\DEBUG\PLANETRI.OBJ
E:\BOHGE_ENGINE_NEW_ARCHITECTURE\BOHGE_EXTERNAL\BULLET\EXTRAS\CONVEXDECOMPOSITION\DEBUG\RAYTRI.OBJ
E:\BOHGE_ENGINE_NEW_ARCHITECTURE\BOHGE_EXTERNAL\BULLET\EXTRAS\CONVEXDECOMPOSITION\DEBUG\SPLITPLANE.OBJ
E:\BOHGE_ENGINE_NEW_ARCHITECTURE\BOHGE_EXTERNAL\BULLET\EXTRAS\CONVEXDECOMPOSITION\DEBUG\VLOOKUP.OBJ
E:\BOHGE_ENGINE_NEW_ARCHITECTURE\BOHGE_EXTERNAL\BULLET\LIB\DEBUG\CONVEXDECOMPOSITION_DEBUG.LIB
