E:\BOHGE_ENGINE_NEW_ARCHITECTURE\BOHGE_EXTERNAL\BULLET\LIB\DEBUG\BULLETMULTITHREADED_DEBUG.LIB
E:\BOHGE_ENGINE_NEW_ARCHITECTURE\BOHGE_EXTERNAL\BULLET\SRC\BULLETMULTITHREADED\DEBUG\BOXBOXDISTANCE.OBJ
E:\BOHGE_ENGINE_NEW_ARCHITECTURE\BOHGE_EXTERNAL\BULLET\SRC\BULLETMULTITHREADED\DEBUG\BTGPU3DGRIDBROADPHASE.OBJ
E:\BOHGE_ENGINE_NEW_ARCHITECTURE\BOHGE_EXTERNAL\BULLET\SRC\BULLETMULTITHREADED\DEBUG\BTPARALLELCONSTRAINTSOLVER.OBJ
E:\BOHGE_ENGINE_NEW_ARCHITECTURE\BOHGE_EXTERNAL\BULLET\SRC\BULLETMULTITHREADED\DEBUG\BTTHREADSUPPORTINTERFACE.OBJ
E:\Bohge_Engine_New_Architecture\Bohge_External\bullet\src\BulletMultiThreaded\Debug\BulletMultiThreaded.write.1.tlog
E:\BOHGE_ENGINE_NEW_ARCHITECTURE\BOHGE_EXTERNAL\BULLET\SRC\BULLETMULTITHREADED\DEBUG\BULLETMULTITHREADED_DEBUG.PDB
E:\Bohge_Engine_New_Architecture\Bohge_External\bullet\src\BulletMultiThreaded\Debug\cl.command.1.tlog
E:\Bohge_Engine_New_Architecture\Bohge_External\bullet\src\BulletMultiThreaded\Debug\CL.read.1.tlog
E:\Bohge_Engine_New_Architecture\Bohge_External\bullet\src\BulletMultiThreaded\Debug\CL.write.1.tlog
E:\Bohge_Engine_New_Architecture\Bohge_External\bullet\src\BulletMultiThreaded\Debug\lib.command.1.tlog
E:\Bohge_Engine_New_Architecture\Bohge_External\bullet\src\BulletMultiThreaded\Debug\Lib-link.read.1.tlog
E:\Bohge_Engine_New_Architecture\Bohge_External\bullet\src\BulletMultiThreaded\Debug\Lib-link.write.1.tlog
E:\BOHGE_ENGINE_NEW_ARCHITECTURE\BOHGE_EXTERNAL\BULLET\SRC\BULLETMULTITHREADED\DEBUG\POSIXTHREADSUPPORT.OBJ
E:\BOHGE_ENGINE_NEW_ARCHITECTURE\BOHGE_EXTERNAL\BULLET\SRC\BULLETMULTITHREADED\DEBUG\SEQUENTIALTHREADSUPPORT.OBJ
E:\BOHGE_ENGINE_NEW_ARCHITECTURE\BOHGE_EXTERNAL\BULLET\SRC\BULLETMULTITHREADED\DEBUG\SPUCOLLISIONOBJECTWRAPPER.OBJ
E:\BOHGE_ENGINE_NEW_ARCHITECTURE\BOHGE_EXTERNAL\BULLET\SRC\BULLETMULTITHREADED\DEBUG\SPUCOLLISIONSHAPES.OBJ
E:\BOHGE_ENGINE_NEW_ARCHITECTURE\BOHGE_EXTERNAL\BULLET\SRC\BULLETMULTITHREADED\DEBUG\SPUCOLLISIONTASKPROCESS.OBJ
E:\BOHGE_ENGINE_NEW_ARCHITECTURE\BOHGE_EXTERNAL\BULLET\SRC\BULLETMULTITHREADED\DEBUG\SPUCONTACTMANIFOLDCOLLISIONALGORITHM.OBJ
E:\BOHGE_ENGINE_NEW_ARCHITECTURE\BOHGE_EXTERNAL\BULLET\SRC\BULLETMULTITHREADED\DEBUG\SPUCONTACTRESULT.OBJ
E:\BOHGE_ENGINE_NEW_ARCHITECTURE\BOHGE_EXTERNAL\BULLET\SRC\BULLETMULTITHREADED\DEBUG\SPUFAKEDMA.OBJ
E:\BOHGE_ENGINE_NEW_ARCHITECTURE\BOHGE_EXTERNAL\BULLET\SRC\BULLETMULTITHREADED\DEBUG\SPUGATHERINGCOLLISIONDISPATCHER.OBJ
E:\BOHGE_ENGINE_NEW_ARCHITECTURE\BOHGE_EXTERNAL\BULLET\SRC\BULLETMULTITHREADED\DEBUG\SPUGATHERINGCOLLISIONTASK.OBJ
E:\BOHGE_ENGINE_NEW_ARCHITECTURE\BOHGE_EXTERNAL\BULLET\SRC\BULLETMULTITHREADED\DEBUG\SPULIBSPE2SUPPORT.OBJ
E:\BOHGE_ENGINE_NEW_ARCHITECTURE\BOHGE_EXTERNAL\BULLET\SRC\BULLETMULTITHREADED\DEBUG\SPUMINKOWSKIPENETRATIONDEPTHSOLVER.OBJ
E:\BOHGE_ENGINE_NEW_ARCHITECTURE\BOHGE_EXTERNAL\BULLET\SRC\BULLETMULTITHREADED\DEBUG\SPUSAMPLETASKPROCESS.OBJ
E:\BOHGE_ENGINE_NEW_ARCHITECTURE\BOHGE_EXTERNAL\BULLET\SRC\BULLETMULTITHREADED\DEBUG\WIN32THREADSUPPORT.OBJ
