E:\Bohge_Engine_New_Architecture\Bohge_External\lua-5.2.2\Lua\Debug\cl.command.1.tlog
E:\Bohge_Engine_New_Architecture\Bohge_External\lua-5.2.2\Lua\Debug\CL.read.1.tlog
E:\Bohge_Engine_New_Architecture\Bohge_External\lua-5.2.2\Lua\Debug\CL.write.1.tlog
E:\BOHGE_ENGINE_NEW_ARCHITECTURE\BOHGE_EXTERNAL\LUA-5.2.2\LUA\DEBUG\LAPI.OBJ
E:\BOHGE_ENGINE_NEW_ARCHITECTURE\BOHGE_EXTERNAL\LUA-5.2.2\LUA\DEBUG\LAUXLIB.OBJ
E:\BOHGE_ENGINE_NEW_ARCHITECTURE\BOHGE_EXTERNAL\LUA-5.2.2\LUA\DEBUG\LBASELIB.OBJ
E:\BOHGE_ENGINE_NEW_ARCHITECTURE\BOHGE_EXTERNAL\LUA-5.2.2\LUA\DEBUG\LBITLIB.OBJ
E:\BOHGE_ENGINE_NEW_ARCHITECTURE\BOHGE_EXTERNAL\LUA-5.2.2\LUA\DEBUG\LCODE.OBJ
E:\BOHGE_ENGINE_NEW_ARCHITECTURE\BOHGE_EXTERNAL\LUA-5.2.2\LUA\DEBUG\LCOROLIB.OBJ
E:\BOHGE_ENGINE_NEW_ARCHITECTURE\BOHGE_EXTERNAL\LUA-5.2.2\LUA\DEBUG\LCTYPE.OBJ
E:\BOHGE_ENGINE_NEW_ARCHITECTURE\BOHGE_EXTERNAL\LUA-5.2.2\LUA\DEBUG\LDBLIB.OBJ
E:\BOHGE_ENGINE_NEW_ARCHITECTURE\BOHGE_EXTERNAL\LUA-5.2.2\LUA\DEBUG\LDEBUG.OBJ
E:\BOHGE_ENGINE_NEW_ARCHITECTURE\BOHGE_EXTERNAL\LUA-5.2.2\LUA\DEBUG\LDO.OBJ
E:\BOHGE_ENGINE_NEW_ARCHITECTURE\BOHGE_EXTERNAL\LUA-5.2.2\LUA\DEBUG\LDUMP.OBJ
E:\BOHGE_ENGINE_NEW_ARCHITECTURE\BOHGE_EXTERNAL\LUA-5.2.2\LUA\DEBUG\LFUNC.OBJ
E:\BOHGE_ENGINE_NEW_ARCHITECTURE\BOHGE_EXTERNAL\LUA-5.2.2\LUA\DEBUG\LGC.OBJ
E:\Bohge_Engine_New_Architecture\Bohge_External\lua-5.2.2\Lua\Debug\lib.command.1.tlog
E:\Bohge_Engine_New_Architecture\Bohge_External\lua-5.2.2\Lua\Debug\Lib-link.read.1.tlog
E:\Bohge_Engine_New_Architecture\Bohge_External\lua-5.2.2\Lua\Debug\Lib-link.write.1.tlog
E:\BOHGE_ENGINE_NEW_ARCHITECTURE\BOHGE_EXTERNAL\LUA-5.2.2\LUA\DEBUG\LINIT.OBJ
E:\BOHGE_ENGINE_NEW_ARCHITECTURE\BOHGE_EXTERNAL\LUA-5.2.2\LUA\DEBUG\LIOLIB.OBJ
E:\BOHGE_ENGINE_NEW_ARCHITECTURE\BOHGE_EXTERNAL\LUA-5.2.2\LUA\DEBUG\LLEX.OBJ
E:\BOHGE_ENGINE_NEW_ARCHITECTURE\BOHGE_EXTERNAL\LUA-5.2.2\LUA\DEBUG\LMATHLIB.OBJ
E:\BOHGE_ENGINE_NEW_ARCHITECTURE\BOHGE_EXTERNAL\LUA-5.2.2\LUA\DEBUG\LMEM.OBJ
E:\BOHGE_ENGINE_NEW_ARCHITECTURE\BOHGE_EXTERNAL\LUA-5.2.2\LUA\DEBUG\LOADLIB.OBJ
E:\BOHGE_ENGINE_NEW_ARCHITECTURE\BOHGE_EXTERNAL\LUA-5.2.2\LUA\DEBUG\LOBJECT.OBJ
E:\BOHGE_ENGINE_NEW_ARCHITECTURE\BOHGE_EXTERNAL\LUA-5.2.2\LUA\DEBUG\LOPCODES.OBJ
E:\BOHGE_ENGINE_NEW_ARCHITECTURE\BOHGE_EXTERNAL\LUA-5.2.2\LUA\DEBUG\LOSLIB.OBJ
E:\BOHGE_ENGINE_NEW_ARCHITECTURE\BOHGE_EXTERNAL\LUA-5.2.2\LUA\DEBUG\LPARSER.OBJ
E:\BOHGE_ENGINE_NEW_ARCHITECTURE\BOHGE_EXTERNAL\LUA-5.2.2\LUA\DEBUG\LSTATE.OBJ
E:\BOHGE_ENGINE_NEW_ARCHITECTURE\BOHGE_EXTERNAL\LUA-5.2.2\LUA\DEBUG\LSTRING.OBJ
E:\BOHGE_ENGINE_NEW_ARCHITECTURE\BOHGE_EXTERNAL\LUA-5.2.2\LUA\DEBUG\LSTRLIB.OBJ
E:\BOHGE_ENGINE_NEW_ARCHITECTURE\BOHGE_EXTERNAL\LUA-5.2.2\LUA\DEBUG\LTABLE.OBJ
E:\BOHGE_ENGINE_NEW_ARCHITECTURE\BOHGE_EXTERNAL\LUA-5.2.2\LUA\DEBUG\LTABLIB.OBJ
E:\BOHGE_ENGINE_NEW_ARCHITECTURE\BOHGE_EXTERNAL\LUA-5.2.2\LUA\DEBUG\LTM.OBJ
E:\Bohge_Engine_New_Architecture\Bohge_External\lua-5.2.2\Lua\Debug\Lua.write.1.tlog
E:\BOHGE_ENGINE_NEW_ARCHITECTURE\BOHGE_EXTERNAL\LUA-5.2.2\LUA\DEBUG\LUA_TINKER.OBJ
E:\BOHGE_ENGINE_NEW_ARCHITECTURE\BOHGE_EXTERNAL\LUA-5.2.2\LUA\DEBUG\LUNDUMP.OBJ
E:\BOHGE_ENGINE_NEW_ARCHITECTURE\BOHGE_EXTERNAL\LUA-5.2.2\LUA\DEBUG\LVM.OBJ
E:\BOHGE_ENGINE_NEW_ARCHITECTURE\BOHGE_EXTERNAL\LUA-5.2.2\LUA\DEBUG\LZIO.OBJ
E:\Bohge_Engine_New_Architecture\Bohge_External\lua-5.2.2\Lua\Debug\vc100.idb
E:\BOHGE_ENGINE_NEW_ARCHITECTURE\BOHGE_EXTERNAL\LUA-5.2.2\LUA\DEBUG\VC100.PDB
E:\BOHGE_ENGINE_NEW_ARCHITECTURE\BOHGE_PROJECT\WINDOWS\DEBUG\LUA.LIB
