E:\BOHGE_ENGINE_NEW_ARCHITECTURE\BOHGE_EXTERNAL\BULLET\LIB\DEBUG\BULLETDYNAMICS_DEBUG.LIB
E:\BOHGE_ENGINE_NEW_ARCHITECTURE\BOHGE_EXTERNAL\BULLET\SRC\BULLETDYNAMICS\DEBUG\BTCONETWISTCONSTRAINT.OBJ
E:\BOHGE_ENGINE_NEW_ARCHITECTURE\BOHGE_EXTERNAL\BULLET\SRC\BULLETDYNAMICS\DEBUG\BTCONTACTCONSTRAINT.OBJ
E:\BOHGE_ENGINE_NEW_ARCHITECTURE\BOHGE_EXTERNAL\BULLET\SRC\BULLETDYNAMICS\DEBUG\BTDISCRETEDYNAMICSWORLD.OBJ
E:\BOHGE_ENGINE_NEW_ARCHITECTURE\BOHGE_EXTERNAL\BULLET\SRC\BULLETDYNAMICS\DEBUG\BTGEARCONSTRAINT.OBJ
E:\BOHGE_ENGINE_NEW_ARCHITECTURE\BOHGE_EXTERNAL\BULLET\SRC\BULLETDYNAMICS\DEBUG\BTGENERIC6DOFCONSTRAINT.OBJ
E:\BOHGE_ENGINE_NEW_ARCHITECTURE\BOHGE_EXTERNAL\BULLET\SRC\BULLETDYNAMICS\DEBUG\BTGENERIC6DOFSPRINGCONSTRAINT.OBJ
E:\BOHGE_ENGINE_NEW_ARCHITECTURE\BOHGE_EXTERNAL\BULLET\SRC\BULLETDYNAMICS\DEBUG\BTHINGE2CONSTRAINT.OBJ
E:\BOHGE_ENGINE_NEW_ARCHITECTURE\BOHGE_EXTERNAL\BULLET\SRC\BULLETDYNAMICS\DEBUG\BTHINGECONSTRAINT.OBJ
E:\BOHGE_ENGINE_NEW_ARCHITECTURE\BOHGE_EXTERNAL\BULLET\SRC\BULLETDYNAMICS\DEBUG\BTKINEMATICCHARACTERCONTROLLER.OBJ
E:\BOHGE_ENGINE_NEW_ARCHITECTURE\BOHGE_EXTERNAL\BULLET\SRC\BULLETDYNAMICS\DEBUG\BTPOINT2POINTCONSTRAINT.OBJ
E:\BOHGE_ENGINE_NEW_ARCHITECTURE\BOHGE_EXTERNAL\BULLET\SRC\BULLETDYNAMICS\DEBUG\BTRAYCASTVEHICLE.OBJ
E:\BOHGE_ENGINE_NEW_ARCHITECTURE\BOHGE_EXTERNAL\BULLET\SRC\BULLETDYNAMICS\DEBUG\BTRIGIDBODY.OBJ
E:\BOHGE_ENGINE_NEW_ARCHITECTURE\BOHGE_EXTERNAL\BULLET\SRC\BULLETDYNAMICS\DEBUG\BTSEQUENTIALIMPULSECONSTRAINTSOLVER.OBJ
E:\BOHGE_ENGINE_NEW_ARCHITECTURE\BOHGE_EXTERNAL\BULLET\SRC\BULLETDYNAMICS\DEBUG\BTSIMPLEDYNAMICSWORLD.OBJ
E:\BOHGE_ENGINE_NEW_ARCHITECTURE\BOHGE_EXTERNAL\BULLET\SRC\BULLETDYNAMICS\DEBUG\BTSLIDERCONSTRAINT.OBJ
E:\BOHGE_ENGINE_NEW_ARCHITECTURE\BOHGE_EXTERNAL\BULLET\SRC\BULLETDYNAMICS\DEBUG\BTSOLVE2LINEARCONSTRAINT.OBJ
E:\BOHGE_ENGINE_NEW_ARCHITECTURE\BOHGE_EXTERNAL\BULLET\SRC\BULLETDYNAMICS\DEBUG\BTTYPEDCONSTRAINT.OBJ
E:\BOHGE_ENGINE_NEW_ARCHITECTURE\BOHGE_EXTERNAL\BULLET\SRC\BULLETDYNAMICS\DEBUG\BTUNIVERSALCONSTRAINT.OBJ
E:\BOHGE_ENGINE_NEW_ARCHITECTURE\BOHGE_EXTERNAL\BULLET\SRC\BULLETDYNAMICS\DEBUG\BTWHEELINFO.OBJ
E:\BOHGE_ENGINE_NEW_ARCHITECTURE\BOHGE_EXTERNAL\BULLET\SRC\BULLETDYNAMICS\DEBUG\BULLET-C-API.OBJ
E:\Bohge_Engine_New_Architecture\Bohge_External\bullet\src\BulletDynamics\Debug\BulletDynamics.write.1.tlog
E:\BOHGE_ENGINE_NEW_ARCHITECTURE\BOHGE_EXTERNAL\BULLET\SRC\BULLETDYNAMICS\DEBUG\BULLETDYNAMICS_DEBUG.PDB
E:\Bohge_Engine_New_Architecture\Bohge_External\bullet\src\BulletDynamics\Debug\cl.command.1.tlog
E:\Bohge_Engine_New_Architecture\Bohge_External\bullet\src\BulletDynamics\Debug\CL.read.1.tlog
E:\Bohge_Engine_New_Architecture\Bohge_External\bullet\src\BulletDynamics\Debug\CL.write.1.tlog
E:\Bohge_Engine_New_Architecture\Bohge_External\bullet\src\BulletDynamics\Debug\lib.command.1.tlog
E:\Bohge_Engine_New_Architecture\Bohge_External\bullet\src\BulletDynamics\Debug\Lib-link.read.1.tlog
E:\Bohge_Engine_New_Architecture\Bohge_External\bullet\src\BulletDynamics\Debug\Lib-link.write.1.tlog
