E:\Bohge_Engine_New_Architecture\Bohge_External\libpng-1.5.10\projects\visualc71\LIB Debug\cl.command.1.tlog
E:\Bohge_Engine_New_Architecture\Bohge_External\libpng-1.5.10\projects\visualc71\LIB Debug\CL.read.1.tlog
E:\Bohge_Engine_New_Architecture\Bohge_External\libpng-1.5.10\projects\visualc71\LIB Debug\CL.write.1.tlog
E:\Bohge_Engine_New_Architecture\Bohge_External\libpng-1.5.10\projects\visualc71\LIB Debug\lib.command.1.tlog
E:\Bohge_Engine_New_Architecture\Bohge_External\libpng-1.5.10\projects\visualc71\LIB Debug\Lib-link.read.1.tlog
E:\Bohge_Engine_New_Architecture\Bohge_External\libpng-1.5.10\projects\visualc71\LIB Debug\Lib-link.write.1.tlog
E:\BOHGE_ENGINE_NEW_ARCHITECTURE\BOHGE_EXTERNAL\LIBPNG-1.5.10\PROJECTS\VISUALC71\LIB DEBUG\LIBPNG.PCH
E:\Bohge_Engine_New_Architecture\Bohge_External\libpng-1.5.10\projects\visualc71\LIB Debug\libpng.write.1.tlog
E:\BOHGE_ENGINE_NEW_ARCHITECTURE\BOHGE_EXTERNAL\LIBPNG-1.5.10\PROJECTS\VISUALC71\LIB DEBUG\PNG.OBJ
E:\BOHGE_ENGINE_NEW_ARCHITECTURE\BOHGE_EXTERNAL\LIBPNG-1.5.10\PROJECTS\VISUALC71\LIB DEBUG\PNGERROR.OBJ
E:\BOHGE_ENGINE_NEW_ARCHITECTURE\BOHGE_EXTERNAL\LIBPNG-1.5.10\PROJECTS\VISUALC71\LIB DEBUG\PNGGET.OBJ
E:\BOHGE_ENGINE_NEW_ARCHITECTURE\BOHGE_EXTERNAL\LIBPNG-1.5.10\PROJECTS\VISUALC71\LIB DEBUG\PNGMEM.OBJ
E:\BOHGE_ENGINE_NEW_ARCHITECTURE\BOHGE_EXTERNAL\LIBPNG-1.5.10\PROJECTS\VISUALC71\LIB DEBUG\PNGPREAD.OBJ
E:\BOHGE_ENGINE_NEW_ARCHITECTURE\BOHGE_EXTERNAL\LIBPNG-1.5.10\PROJECTS\VISUALC71\LIB DEBUG\PNGREAD.OBJ
E:\BOHGE_ENGINE_NEW_ARCHITECTURE\BOHGE_EXTERNAL\LIBPNG-1.5.10\PROJECTS\VISUALC71\LIB DEBUG\PNGRIO.OBJ
E:\BOHGE_ENGINE_NEW_ARCHITECTURE\BOHGE_EXTERNAL\LIBPNG-1.5.10\PROJECTS\VISUALC71\LIB DEBUG\PNGRTRAN.OBJ
E:\BOHGE_ENGINE_NEW_ARCHITECTURE\BOHGE_EXTERNAL\LIBPNG-1.5.10\PROJECTS\VISUALC71\LIB DEBUG\PNGRUTIL.OBJ
E:\BOHGE_ENGINE_NEW_ARCHITECTURE\BOHGE_EXTERNAL\LIBPNG-1.5.10\PROJECTS\VISUALC71\LIB DEBUG\PNGSET.OBJ
E:\BOHGE_ENGINE_NEW_ARCHITECTURE\BOHGE_EXTERNAL\LIBPNG-1.5.10\PROJECTS\VISUALC71\LIB DEBUG\PNGTRANS.OBJ
E:\BOHGE_ENGINE_NEW_ARCHITECTURE\BOHGE_EXTERNAL\LIBPNG-1.5.10\PROJECTS\VISUALC71\LIB DEBUG\PNGWIO.OBJ
E:\BOHGE_ENGINE_NEW_ARCHITECTURE\BOHGE_EXTERNAL\LIBPNG-1.5.10\PROJECTS\VISUALC71\LIB DEBUG\PNGWRITE.OBJ
E:\BOHGE_ENGINE_NEW_ARCHITECTURE\BOHGE_EXTERNAL\LIBPNG-1.5.10\PROJECTS\VISUALC71\LIB DEBUG\PNGWTRAN.OBJ
E:\BOHGE_ENGINE_NEW_ARCHITECTURE\BOHGE_EXTERNAL\LIBPNG-1.5.10\PROJECTS\VISUALC71\LIB DEBUG\PNGWUTIL.OBJ
E:\Bohge_Engine_New_Architecture\Bohge_External\libpng-1.5.10\projects\visualc71\LIB Debug\vc100.idb
E:\BOHGE_ENGINE_NEW_ARCHITECTURE\BOHGE_EXTERNAL\LIBPNG-1.5.10\PROJECTS\VISUALC71\LIB DEBUG\VC100.PDB
E:\BOHGE_ENGINE_NEW_ARCHITECTURE\BOHGE_PROJECT\WINDOWS\LIB DEBUG\LIBPNGD.LIB
