E:\Bohge_Engine_New_Architecture\Bohge_External\neonmath\Debug\cl.command.1.tlog
E:\Bohge_Engine_New_Architecture\Bohge_External\neonmath\Debug\CL.read.1.tlog
E:\Bohge_Engine_New_Architecture\Bohge_External\neonmath\Debug\CL.write.1.tlog
E:\Bohge_Engine_New_Architecture\Bohge_External\neonmath\Debug\lib.command.1.tlog
E:\Bohge_Engine_New_Architecture\Bohge_External\neonmath\Debug\Lib-link.read.1.tlog
E:\Bohge_Engine_New_Architecture\Bohge_External\neonmath\Debug\Lib-link.write.1.tlog
E:\BOHGE_ENGINE_NEW_ARCHITECTURE\BOHGE_EXTERNAL\NEONMATH\DEBUG\MATH_ACOSF.OBJ
E:\BOHGE_ENGINE_NEW_ARCHITECTURE\BOHGE_EXTERNAL\NEONMATH\DEBUG\MATH_ASINF.OBJ
E:\BOHGE_ENGINE_NEW_ARCHITECTURE\BOHGE_EXTERNAL\NEONMATH\DEBUG\MATH_ATAN2F.OBJ
E:\BOHGE_ENGINE_NEW_ARCHITECTURE\BOHGE_EXTERNAL\NEONMATH\DEBUG\MATH_ATANF.OBJ
E:\BOHGE_ENGINE_NEW_ARCHITECTURE\BOHGE_EXTERNAL\NEONMATH\DEBUG\MATH_CEILF.OBJ
E:\BOHGE_ENGINE_NEW_ARCHITECTURE\BOHGE_EXTERNAL\NEONMATH\DEBUG\MATH_COSF.OBJ
E:\BOHGE_ENGINE_NEW_ARCHITECTURE\BOHGE_EXTERNAL\NEONMATH\DEBUG\MATH_COSHF.OBJ
E:\BOHGE_ENGINE_NEW_ARCHITECTURE\BOHGE_EXTERNAL\NEONMATH\DEBUG\MATH_EXPF.OBJ
E:\BOHGE_ENGINE_NEW_ARCHITECTURE\BOHGE_EXTERNAL\NEONMATH\DEBUG\MATH_FABSF.OBJ
E:\BOHGE_ENGINE_NEW_ARCHITECTURE\BOHGE_EXTERNAL\NEONMATH\DEBUG\MATH_FLOORF.OBJ
E:\BOHGE_ENGINE_NEW_ARCHITECTURE\BOHGE_EXTERNAL\NEONMATH\DEBUG\MATH_FMODF.OBJ
E:\BOHGE_ENGINE_NEW_ARCHITECTURE\BOHGE_EXTERNAL\NEONMATH\DEBUG\MATH_FREXPF.OBJ
E:\BOHGE_ENGINE_NEW_ARCHITECTURE\BOHGE_EXTERNAL\NEONMATH\DEBUG\MATH_INVSQRTF.OBJ
E:\BOHGE_ENGINE_NEW_ARCHITECTURE\BOHGE_EXTERNAL\NEONMATH\DEBUG\MATH_LDEXPF.OBJ
E:\BOHGE_ENGINE_NEW_ARCHITECTURE\BOHGE_EXTERNAL\NEONMATH\DEBUG\MATH_LOG10F.OBJ
E:\BOHGE_ENGINE_NEW_ARCHITECTURE\BOHGE_EXTERNAL\NEONMATH\DEBUG\MATH_LOGF.OBJ
E:\BOHGE_ENGINE_NEW_ARCHITECTURE\BOHGE_EXTERNAL\NEONMATH\DEBUG\MATH_MAT2.OBJ
E:\BOHGE_ENGINE_NEW_ARCHITECTURE\BOHGE_EXTERNAL\NEONMATH\DEBUG\MATH_MAT3.OBJ
E:\BOHGE_ENGINE_NEW_ARCHITECTURE\BOHGE_EXTERNAL\NEONMATH\DEBUG\MATH_MAT4.OBJ
E:\BOHGE_ENGINE_NEW_ARCHITECTURE\BOHGE_EXTERNAL\NEONMATH\DEBUG\MATH_MODF.OBJ
E:\BOHGE_ENGINE_NEW_ARCHITECTURE\BOHGE_EXTERNAL\NEONMATH\DEBUG\MATH_POWF.OBJ
E:\BOHGE_ENGINE_NEW_ARCHITECTURE\BOHGE_EXTERNAL\NEONMATH\DEBUG\MATH_RUNFAST.OBJ
E:\BOHGE_ENGINE_NEW_ARCHITECTURE\BOHGE_EXTERNAL\NEONMATH\DEBUG\MATH_SINCOSF.OBJ
E:\BOHGE_ENGINE_NEW_ARCHITECTURE\BOHGE_EXTERNAL\NEONMATH\DEBUG\MATH_SINF.OBJ
E:\BOHGE_ENGINE_NEW_ARCHITECTURE\BOHGE_EXTERNAL\NEONMATH\DEBUG\MATH_SINFV.OBJ
E:\BOHGE_ENGINE_NEW_ARCHITECTURE\BOHGE_EXTERNAL\NEONMATH\DEBUG\MATH_SINHF.OBJ
E:\BOHGE_ENGINE_NEW_ARCHITECTURE\BOHGE_EXTERNAL\NEONMATH\DEBUG\MATH_SQRTF.OBJ
E:\BOHGE_ENGINE_NEW_ARCHITECTURE\BOHGE_EXTERNAL\NEONMATH\DEBUG\MATH_SQRTFV.OBJ
E:\BOHGE_ENGINE_NEW_ARCHITECTURE\BOHGE_EXTERNAL\NEONMATH\DEBUG\MATH_TANF.OBJ
E:\BOHGE_ENGINE_NEW_ARCHITECTURE\BOHGE_EXTERNAL\NEONMATH\DEBUG\MATH_TANHF.OBJ
E:\BOHGE_ENGINE_NEW_ARCHITECTURE\BOHGE_EXTERNAL\NEONMATH\DEBUG\MATH_VEC2.OBJ
E:\BOHGE_ENGINE_NEW_ARCHITECTURE\BOHGE_EXTERNAL\NEONMATH\DEBUG\MATH_VEC3.OBJ
E:\BOHGE_ENGINE_NEW_ARCHITECTURE\BOHGE_EXTERNAL\NEONMATH\DEBUG\MATH_VEC4.OBJ
E:\Bohge_Engine_New_Architecture\Bohge_External\neonmath\Debug\NeonMath.vcxprojResolveAssemblyReference.cache
E:\Bohge_Engine_New_Architecture\Bohge_External\neonmath\Debug\NeonMath.write.1.tlog
E:\Bohge_Engine_New_Architecture\Bohge_External\neonmath\Debug\vc100.idb
E:\BOHGE_ENGINE_NEW_ARCHITECTURE\BOHGE_EXTERNAL\NEONMATH\DEBUG\VC100.PDB
E:\BOHGE_ENGINE_NEW_ARCHITECTURE\BOHGE_PROJECT\WINDOWS\DEBUG\NEONMATH.LIB
