生成启动时间为 2014/10/16 10:11:58。
     1>项目“E:\Bohge_Engine_New_Architecture\Bohge_External\nedmalloc_v1.06beta2\nedmalloc_dll.vcxproj”在节点 3 上(build 个目标)。
     1>InitializeBuildStatus:
         正在创建“x86\Release\nedmalloc.unsuccessfulbuild”，因为已指定“AlwaysCreate”。
       ClCompile:
         所有输出均为最新。
       ResourceCompile:
         C:\Program Files (x86)\Microsoft SDKs\Windows\v7.0A\bin\rc.exe /l"0x0409" /nologo /fo"x86\Release\nedmalloc_dll.res" nedmalloc_dll.rc 
       Lib:
         D:\Tools\VS2010\VC\bin\Lib.exe /OUT:"E:\Bohge_Engine_New_Architecture\Bohge_Project\Windows\x86\Release\nedmalloc.lib" /NOLOGO x86\Release\nedmalloc_dll.res
         x86\Release\nedmalloc.obj
         x86\Release\winpatcher.obj
     1>LINK : warning LNK4068: 未指定 /MACHINE；默认设置为 X86
         winpatcher.obj : 找到 MSIL .netmodule 或使用 /GL 编译的模块；正在使用 /LTCG 重新启动链接；将 /LTCG 添加到链接命令行以改进链接器性能
     1>LINK : warning LNK4068: 未指定 /MACHINE；默认设置为 X86
         nedmalloc_dll.vcxproj -> E:\Bohge_Engine_New_Architecture\Bohge_Project\Windows\x86\Release\nedmalloc.lib
       FinalizeBuildStatus:
         正在删除文件“x86\Release\nedmalloc.unsuccessfulbuild”。
         正在对“x86\Release\nedmalloc.lastbuildstate”执行 Touch 任务。
     1>已完成生成项目“E:\Bohge_Engine_New_Architecture\Bohge_External\nedmalloc_v1.06beta2\nedmalloc_dll.vcxproj”(build 个目标)的操作。

生成成功。

已用时间 00:00:01.31
