E:\BOHGE_ENGINE_NEW_ARCHITECTURE\BOHGE_EXTERNAL\ZLIB-1.2.6\LIB DEBUG\ADLER32.OBJ
E:\Bohge_Engine_New_Architecture\Bohge_External\zlib-1.2.6\LIB Debug\cl.command.1.tlog
E:\Bohge_Engine_New_Architecture\Bohge_External\zlib-1.2.6\LIB Debug\CL.read.1.tlog
E:\Bohge_Engine_New_Architecture\Bohge_External\zlib-1.2.6\LIB Debug\CL.write.1.tlog
E:\BOHGE_ENGINE_NEW_ARCHITECTURE\BOHGE_EXTERNAL\ZLIB-1.2.6\LIB DEBUG\COMPRESS.OBJ
E:\BOHGE_ENGINE_NEW_ARCHITECTURE\BOHGE_EXTERNAL\ZLIB-1.2.6\LIB DEBUG\CRC32.OBJ
E:\BOHGE_ENGINE_NEW_ARCHITECTURE\BOHGE_EXTERNAL\ZLIB-1.2.6\LIB DEBUG\DEFLATE.OBJ
E:\BOHGE_ENGINE_NEW_ARCHITECTURE\BOHGE_EXTERNAL\ZLIB-1.2.6\LIB DEBUG\GZCLOSE.OBJ
E:\BOHGE_ENGINE_NEW_ARCHITECTURE\BOHGE_EXTERNAL\ZLIB-1.2.6\LIB DEBUG\GZLIB.OBJ
E:\BOHGE_ENGINE_NEW_ARCHITECTURE\BOHGE_EXTERNAL\ZLIB-1.2.6\LIB DEBUG\GZREAD.OBJ
E:\BOHGE_ENGINE_NEW_ARCHITECTURE\BOHGE_EXTERNAL\ZLIB-1.2.6\LIB DEBUG\GZWRITE.OBJ
E:\BOHGE_ENGINE_NEW_ARCHITECTURE\BOHGE_EXTERNAL\ZLIB-1.2.6\LIB DEBUG\INFBACK.OBJ
E:\BOHGE_ENGINE_NEW_ARCHITECTURE\BOHGE_EXTERNAL\ZLIB-1.2.6\LIB DEBUG\INFFAST.OBJ
E:\BOHGE_ENGINE_NEW_ARCHITECTURE\BOHGE_EXTERNAL\ZLIB-1.2.6\LIB DEBUG\INFLATE.OBJ
E:\BOHGE_ENGINE_NEW_ARCHITECTURE\BOHGE_EXTERNAL\ZLIB-1.2.6\LIB DEBUG\INFTREES.OBJ
E:\Bohge_Engine_New_Architecture\Bohge_External\zlib-1.2.6\LIB Debug\lib.command.1.tlog
E:\Bohge_Engine_New_Architecture\Bohge_External\zlib-1.2.6\LIB Debug\Lib-link.read.1.tlog
E:\Bohge_Engine_New_Architecture\Bohge_External\zlib-1.2.6\LIB Debug\Lib-link.write.1.tlog
E:\BOHGE_ENGINE_NEW_ARCHITECTURE\BOHGE_EXTERNAL\ZLIB-1.2.6\LIB DEBUG\TREES.OBJ
E:\BOHGE_ENGINE_NEW_ARCHITECTURE\BOHGE_EXTERNAL\ZLIB-1.2.6\LIB DEBUG\UNCOMPR.OBJ
E:\Bohge_Engine_New_Architecture\Bohge_External\zlib-1.2.6\LIB Debug\vc100.idb
E:\BOHGE_ENGINE_NEW_ARCHITECTURE\BOHGE_EXTERNAL\ZLIB-1.2.6\LIB DEBUG\VC100.PDB
E:\Bohge_Engine_New_Architecture\Bohge_External\zlib-1.2.6\LIB Debug\zlib.write.1.tlog
E:\BOHGE_ENGINE_NEW_ARCHITECTURE\BOHGE_EXTERNAL\ZLIB-1.2.6\LIB DEBUG\ZUTIL.OBJ
E:\BOHGE_ENGINE_NEW_ARCHITECTURE\BOHGE_PROJECT\WINDOWS\LIB DEBUG\ZLIBD.LIB
