E:\Bohge_Engine_New_Architecture\Bohge_External\libzip-0.11.1\libzip\Debug\cl.command.1.tlog
E:\Bohge_Engine_New_Architecture\Bohge_External\libzip-0.11.1\libzip\Debug\CL.read.1.tlog
E:\Bohge_Engine_New_Architecture\Bohge_External\libzip-0.11.1\libzip\Debug\CL.write.1.tlog
E:\BOHGE_ENGINE_NEW_ARCHITECTURE\BOHGE_EXTERNAL\LIBZIP-0.11.1\LIBZIP\DEBUG\GETOPT.OBJ
E:\Bohge_Engine_New_Architecture\Bohge_External\libzip-0.11.1\libzip\Debug\lib.command.1.tlog
E:\Bohge_Engine_New_Architecture\Bohge_External\libzip-0.11.1\libzip\Debug\Lib-link.read.1.tlog
E:\Bohge_Engine_New_Architecture\Bohge_External\libzip-0.11.1\libzip\Debug\Lib-link.write.1.tlog
E:\Bohge_Engine_New_Architecture\Bohge_External\libzip-0.11.1\libzip\Debug\libzip.write.1.tlog
E:\BOHGE_ENGINE_NEW_ARCHITECTURE\BOHGE_EXTERNAL\LIBZIP-0.11.1\LIBZIP\DEBUG\MKSTEMP.OBJ
E:\Bohge_Engine_New_Architecture\Bohge_External\libzip-0.11.1\libzip\Debug\vc100.idb
E:\BOHGE_ENGINE_NEW_ARCHITECTURE\BOHGE_EXTERNAL\LIBZIP-0.11.1\LIBZIP\DEBUG\VC100.PDB
E:\BOHGE_ENGINE_NEW_ARCHITECTURE\BOHGE_EXTERNAL\LIBZIP-0.11.1\LIBZIP\DEBUG\ZIP_ADD.OBJ
E:\BOHGE_ENGINE_NEW_ARCHITECTURE\BOHGE_EXTERNAL\LIBZIP-0.11.1\LIBZIP\DEBUG\ZIP_ADD_DIR.OBJ
E:\BOHGE_ENGINE_NEW_ARCHITECTURE\BOHGE_EXTERNAL\LIBZIP-0.11.1\LIBZIP\DEBUG\ZIP_ADD_ENTRY.OBJ
E:\BOHGE_ENGINE_NEW_ARCHITECTURE\BOHGE_EXTERNAL\LIBZIP-0.11.1\LIBZIP\DEBUG\ZIP_CLOSE.OBJ
E:\BOHGE_ENGINE_NEW_ARCHITECTURE\BOHGE_EXTERNAL\LIBZIP-0.11.1\LIBZIP\DEBUG\ZIP_DELETE.OBJ
E:\BOHGE_ENGINE_NEW_ARCHITECTURE\BOHGE_EXTERNAL\LIBZIP-0.11.1\LIBZIP\DEBUG\ZIP_DIR_ADD.OBJ
E:\BOHGE_ENGINE_NEW_ARCHITECTURE\BOHGE_EXTERNAL\LIBZIP-0.11.1\LIBZIP\DEBUG\ZIP_DIRENT.OBJ
E:\BOHGE_ENGINE_NEW_ARCHITECTURE\BOHGE_EXTERNAL\LIBZIP-0.11.1\LIBZIP\DEBUG\ZIP_DISCARD.OBJ
E:\BOHGE_ENGINE_NEW_ARCHITECTURE\BOHGE_EXTERNAL\LIBZIP-0.11.1\LIBZIP\DEBUG\ZIP_ENTRY.OBJ
E:\BOHGE_ENGINE_NEW_ARCHITECTURE\BOHGE_EXTERNAL\LIBZIP-0.11.1\LIBZIP\DEBUG\ZIP_ERR_STR.OBJ
E:\BOHGE_ENGINE_NEW_ARCHITECTURE\BOHGE_EXTERNAL\LIBZIP-0.11.1\LIBZIP\DEBUG\ZIP_ERROR.OBJ
E:\BOHGE_ENGINE_NEW_ARCHITECTURE\BOHGE_EXTERNAL\LIBZIP-0.11.1\LIBZIP\DEBUG\ZIP_ERROR_CLEAR.OBJ
E:\BOHGE_ENGINE_NEW_ARCHITECTURE\BOHGE_EXTERNAL\LIBZIP-0.11.1\LIBZIP\DEBUG\ZIP_ERROR_GET.OBJ
E:\BOHGE_ENGINE_NEW_ARCHITECTURE\BOHGE_EXTERNAL\LIBZIP-0.11.1\LIBZIP\DEBUG\ZIP_ERROR_GET_SYS_TYPE.OBJ
E:\BOHGE_ENGINE_NEW_ARCHITECTURE\BOHGE_EXTERNAL\LIBZIP-0.11.1\LIBZIP\DEBUG\ZIP_ERROR_STRERROR.OBJ
E:\BOHGE_ENGINE_NEW_ARCHITECTURE\BOHGE_EXTERNAL\LIBZIP-0.11.1\LIBZIP\DEBUG\ZIP_ERROR_TO_STR.OBJ
E:\BOHGE_ENGINE_NEW_ARCHITECTURE\BOHGE_EXTERNAL\LIBZIP-0.11.1\LIBZIP\DEBUG\ZIP_EXTRA_FIELD.OBJ
E:\BOHGE_ENGINE_NEW_ARCHITECTURE\BOHGE_EXTERNAL\LIBZIP-0.11.1\LIBZIP\DEBUG\ZIP_EXTRA_FIELD_API.OBJ
E:\BOHGE_ENGINE_NEW_ARCHITECTURE\BOHGE_EXTERNAL\LIBZIP-0.11.1\LIBZIP\DEBUG\ZIP_FCLOSE.OBJ
E:\BOHGE_ENGINE_NEW_ARCHITECTURE\BOHGE_EXTERNAL\LIBZIP-0.11.1\LIBZIP\DEBUG\ZIP_FDOPEN.OBJ
E:\BOHGE_ENGINE_NEW_ARCHITECTURE\BOHGE_EXTERNAL\LIBZIP-0.11.1\LIBZIP\DEBUG\ZIP_FILE_ADD.OBJ
E:\BOHGE_ENGINE_NEW_ARCHITECTURE\BOHGE_EXTERNAL\LIBZIP-0.11.1\LIBZIP\DEBUG\ZIP_FILE_ERROR_CLEAR.OBJ
E:\BOHGE_ENGINE_NEW_ARCHITECTURE\BOHGE_EXTERNAL\LIBZIP-0.11.1\LIBZIP\DEBUG\ZIP_FILE_ERROR_GET.OBJ
E:\BOHGE_ENGINE_NEW_ARCHITECTURE\BOHGE_EXTERNAL\LIBZIP-0.11.1\LIBZIP\DEBUG\ZIP_FILE_GET_COMMENT.OBJ
E:\BOHGE_ENGINE_NEW_ARCHITECTURE\BOHGE_EXTERNAL\LIBZIP-0.11.1\LIBZIP\DEBUG\ZIP_FILE_GET_OFFSET.OBJ
E:\BOHGE_ENGINE_NEW_ARCHITECTURE\BOHGE_EXTERNAL\LIBZIP-0.11.1\LIBZIP\DEBUG\ZIP_FILE_RENAME.OBJ
E:\BOHGE_ENGINE_NEW_ARCHITECTURE\BOHGE_EXTERNAL\LIBZIP-0.11.1\LIBZIP\DEBUG\ZIP_FILE_REPLACE.OBJ
E:\BOHGE_ENGINE_NEW_ARCHITECTURE\BOHGE_EXTERNAL\LIBZIP-0.11.1\LIBZIP\DEBUG\ZIP_FILE_SET_COMMENT.OBJ
E:\BOHGE_ENGINE_NEW_ARCHITECTURE\BOHGE_EXTERNAL\LIBZIP-0.11.1\LIBZIP\DEBUG\ZIP_FILE_STRERROR.OBJ
E:\BOHGE_ENGINE_NEW_ARCHITECTURE\BOHGE_EXTERNAL\LIBZIP-0.11.1\LIBZIP\DEBUG\ZIP_FILERANGE_CRC.OBJ
E:\BOHGE_ENGINE_NEW_ARCHITECTURE\BOHGE_EXTERNAL\LIBZIP-0.11.1\LIBZIP\DEBUG\ZIP_FOPEN.OBJ
E:\BOHGE_ENGINE_NEW_ARCHITECTURE\BOHGE_EXTERNAL\LIBZIP-0.11.1\LIBZIP\DEBUG\ZIP_FOPEN_ENCRYPTED.OBJ
E:\BOHGE_ENGINE_NEW_ARCHITECTURE\BOHGE_EXTERNAL\LIBZIP-0.11.1\LIBZIP\DEBUG\ZIP_FOPEN_INDEX.OBJ
E:\BOHGE_ENGINE_NEW_ARCHITECTURE\BOHGE_EXTERNAL\LIBZIP-0.11.1\LIBZIP\DEBUG\ZIP_FOPEN_INDEX_ENCRYPTED.OBJ
E:\BOHGE_ENGINE_NEW_ARCHITECTURE\BOHGE_EXTERNAL\LIBZIP-0.11.1\LIBZIP\DEBUG\ZIP_FREAD.OBJ
E:\BOHGE_ENGINE_NEW_ARCHITECTURE\BOHGE_EXTERNAL\LIBZIP-0.11.1\LIBZIP\DEBUG\ZIP_GET_ARCHIVE_COMMENT.OBJ
E:\BOHGE_ENGINE_NEW_ARCHITECTURE\BOHGE_EXTERNAL\LIBZIP-0.11.1\LIBZIP\DEBUG\ZIP_GET_ARCHIVE_FLAG.OBJ
E:\BOHGE_ENGINE_NEW_ARCHITECTURE\BOHGE_EXTERNAL\LIBZIP-0.11.1\LIBZIP\DEBUG\ZIP_GET_COMPRESSION_IMPLEMENTATION.OBJ
E:\BOHGE_ENGINE_NEW_ARCHITECTURE\BOHGE_EXTERNAL\LIBZIP-0.11.1\LIBZIP\DEBUG\ZIP_GET_ENCRYPTION_IMPLEMENTATION.OBJ
E:\BOHGE_ENGINE_NEW_ARCHITECTURE\BOHGE_EXTERNAL\LIBZIP-0.11.1\LIBZIP\DEBUG\ZIP_GET_FILE_COMMENT.OBJ
E:\BOHGE_ENGINE_NEW_ARCHITECTURE\BOHGE_EXTERNAL\LIBZIP-0.11.1\LIBZIP\DEBUG\ZIP_GET_NAME.OBJ
E:\BOHGE_ENGINE_NEW_ARCHITECTURE\BOHGE_EXTERNAL\LIBZIP-0.11.1\LIBZIP\DEBUG\ZIP_GET_NUM_ENTRIES.OBJ
E:\BOHGE_ENGINE_NEW_ARCHITECTURE\BOHGE_EXTERNAL\LIBZIP-0.11.1\LIBZIP\DEBUG\ZIP_GET_NUM_FILES.OBJ
E:\BOHGE_ENGINE_NEW_ARCHITECTURE\BOHGE_EXTERNAL\LIBZIP-0.11.1\LIBZIP\DEBUG\ZIP_MEMDUP.OBJ
E:\BOHGE_ENGINE_NEW_ARCHITECTURE\BOHGE_EXTERNAL\LIBZIP-0.11.1\LIBZIP\DEBUG\ZIP_NAME_LOCATE.OBJ
E:\BOHGE_ENGINE_NEW_ARCHITECTURE\BOHGE_EXTERNAL\LIBZIP-0.11.1\LIBZIP\DEBUG\ZIP_NEW.OBJ
E:\BOHGE_ENGINE_NEW_ARCHITECTURE\BOHGE_EXTERNAL\LIBZIP-0.11.1\LIBZIP\DEBUG\ZIP_OPEN.OBJ
E:\BOHGE_ENGINE_NEW_ARCHITECTURE\BOHGE_EXTERNAL\LIBZIP-0.11.1\LIBZIP\DEBUG\ZIP_RENAME.OBJ
E:\BOHGE_ENGINE_NEW_ARCHITECTURE\BOHGE_EXTERNAL\LIBZIP-0.11.1\LIBZIP\DEBUG\ZIP_REPLACE.OBJ
E:\BOHGE_ENGINE_NEW_ARCHITECTURE\BOHGE_EXTERNAL\LIBZIP-0.11.1\LIBZIP\DEBUG\ZIP_SET_ARCHIVE_COMMENT.OBJ
E:\BOHGE_ENGINE_NEW_ARCHITECTURE\BOHGE_EXTERNAL\LIBZIP-0.11.1\LIBZIP\DEBUG\ZIP_SET_ARCHIVE_FLAG.OBJ
E:\BOHGE_ENGINE_NEW_ARCHITECTURE\BOHGE_EXTERNAL\LIBZIP-0.11.1\LIBZIP\DEBUG\ZIP_SET_DEFAULT_PASSWORD.OBJ
E:\BOHGE_ENGINE_NEW_ARCHITECTURE\BOHGE_EXTERNAL\LIBZIP-0.11.1\LIBZIP\DEBUG\ZIP_SET_FILE_COMMENT.OBJ
E:\BOHGE_ENGINE_NEW_ARCHITECTURE\BOHGE_EXTERNAL\LIBZIP-0.11.1\LIBZIP\DEBUG\ZIP_SET_FILE_COMPRESSION.OBJ
E:\BOHGE_ENGINE_NEW_ARCHITECTURE\BOHGE_EXTERNAL\LIBZIP-0.11.1\LIBZIP\DEBUG\ZIP_SET_NAME.OBJ
E:\BOHGE_ENGINE_NEW_ARCHITECTURE\BOHGE_EXTERNAL\LIBZIP-0.11.1\LIBZIP\DEBUG\ZIP_SOURCE_BUFFER.OBJ
E:\BOHGE_ENGINE_NEW_ARCHITECTURE\BOHGE_EXTERNAL\LIBZIP-0.11.1\LIBZIP\DEBUG\ZIP_SOURCE_CLOSE.OBJ
E:\BOHGE_ENGINE_NEW_ARCHITECTURE\BOHGE_EXTERNAL\LIBZIP-0.11.1\LIBZIP\DEBUG\ZIP_SOURCE_CRC.OBJ
E:\BOHGE_ENGINE_NEW_ARCHITECTURE\BOHGE_EXTERNAL\LIBZIP-0.11.1\LIBZIP\DEBUG\ZIP_SOURCE_DEFLATE.OBJ
E:\BOHGE_ENGINE_NEW_ARCHITECTURE\BOHGE_EXTERNAL\LIBZIP-0.11.1\LIBZIP\DEBUG\ZIP_SOURCE_ERROR.OBJ
E:\BOHGE_ENGINE_NEW_ARCHITECTURE\BOHGE_EXTERNAL\LIBZIP-0.11.1\LIBZIP\DEBUG\ZIP_SOURCE_FILE.OBJ
E:\BOHGE_ENGINE_NEW_ARCHITECTURE\BOHGE_EXTERNAL\LIBZIP-0.11.1\LIBZIP\DEBUG\ZIP_SOURCE_FILEP.OBJ
E:\BOHGE_ENGINE_NEW_ARCHITECTURE\BOHGE_EXTERNAL\LIBZIP-0.11.1\LIBZIP\DEBUG\ZIP_SOURCE_FREE.OBJ
E:\BOHGE_ENGINE_NEW_ARCHITECTURE\BOHGE_EXTERNAL\LIBZIP-0.11.1\LIBZIP\DEBUG\ZIP_SOURCE_FUNCTION.OBJ
E:\BOHGE_ENGINE_NEW_ARCHITECTURE\BOHGE_EXTERNAL\LIBZIP-0.11.1\LIBZIP\DEBUG\ZIP_SOURCE_LAYERED.OBJ
E:\BOHGE_ENGINE_NEW_ARCHITECTURE\BOHGE_EXTERNAL\LIBZIP-0.11.1\LIBZIP\DEBUG\ZIP_SOURCE_OPEN.OBJ
E:\BOHGE_ENGINE_NEW_ARCHITECTURE\BOHGE_EXTERNAL\LIBZIP-0.11.1\LIBZIP\DEBUG\ZIP_SOURCE_PKWARE.OBJ
E:\BOHGE_ENGINE_NEW_ARCHITECTURE\BOHGE_EXTERNAL\LIBZIP-0.11.1\LIBZIP\DEBUG\ZIP_SOURCE_POP.OBJ
E:\BOHGE_ENGINE_NEW_ARCHITECTURE\BOHGE_EXTERNAL\LIBZIP-0.11.1\LIBZIP\DEBUG\ZIP_SOURCE_READ.OBJ
E:\BOHGE_ENGINE_NEW_ARCHITECTURE\BOHGE_EXTERNAL\LIBZIP-0.11.1\LIBZIP\DEBUG\ZIP_SOURCE_STAT.OBJ
E:\BOHGE_ENGINE_NEW_ARCHITECTURE\BOHGE_EXTERNAL\LIBZIP-0.11.1\LIBZIP\DEBUG\ZIP_SOURCE_WINDOW.OBJ
E:\BOHGE_ENGINE_NEW_ARCHITECTURE\BOHGE_EXTERNAL\LIBZIP-0.11.1\LIBZIP\DEBUG\ZIP_SOURCE_ZIP.OBJ
E:\BOHGE_ENGINE_NEW_ARCHITECTURE\BOHGE_EXTERNAL\LIBZIP-0.11.1\LIBZIP\DEBUG\ZIP_SOURCE_ZIP_NEW.OBJ
E:\BOHGE_ENGINE_NEW_ARCHITECTURE\BOHGE_EXTERNAL\LIBZIP-0.11.1\LIBZIP\DEBUG\ZIP_STAT.OBJ
E:\BOHGE_ENGINE_NEW_ARCHITECTURE\BOHGE_EXTERNAL\LIBZIP-0.11.1\LIBZIP\DEBUG\ZIP_STAT_INDEX.OBJ
E:\BOHGE_ENGINE_NEW_ARCHITECTURE\BOHGE_EXTERNAL\LIBZIP-0.11.1\LIBZIP\DEBUG\ZIP_STAT_INIT.OBJ
E:\BOHGE_ENGINE_NEW_ARCHITECTURE\BOHGE_EXTERNAL\LIBZIP-0.11.1\LIBZIP\DEBUG\ZIP_STRERROR.OBJ
E:\BOHGE_ENGINE_NEW_ARCHITECTURE\BOHGE_EXTERNAL\LIBZIP-0.11.1\LIBZIP\DEBUG\ZIP_STRING.OBJ
E:\BOHGE_ENGINE_NEW_ARCHITECTURE\BOHGE_EXTERNAL\LIBZIP-0.11.1\LIBZIP\DEBUG\ZIP_UNCHANGE.OBJ
E:\BOHGE_ENGINE_NEW_ARCHITECTURE\BOHGE_EXTERNAL\LIBZIP-0.11.1\LIBZIP\DEBUG\ZIP_UNCHANGE_ALL.OBJ
E:\BOHGE_ENGINE_NEW_ARCHITECTURE\BOHGE_EXTERNAL\LIBZIP-0.11.1\LIBZIP\DEBUG\ZIP_UNCHANGE_ARCHIVE.OBJ
E:\BOHGE_ENGINE_NEW_ARCHITECTURE\BOHGE_EXTERNAL\LIBZIP-0.11.1\LIBZIP\DEBUG\ZIP_UNCHANGE_DATA.OBJ
E:\BOHGE_ENGINE_NEW_ARCHITECTURE\BOHGE_EXTERNAL\LIBZIP-0.11.1\LIBZIP\DEBUG\ZIP_UTF-8.OBJ
E:\BOHGE_ENGINE_NEW_ARCHITECTURE\BOHGE_PROJECT\WINDOWS\DEBUG\LIBZIP.LIB
